{"C:\\Users\\josem\\OneDrive\\Desktop\\BYU Pathways\\BYU I 7th semester\\CSE 341 Web Services\\Chamber Of Commerce Event Manager (COCEM)\\server.js": {"path":"C:\\Users\\josem\\OneDrive\\Desktop\\BYU Pathways\\BYU I 7th semester\\CSE 341 Web Services\\Chamber Of Commerce Event Manager (COCEM)\\server.js","statementMap":{"0":{"start":{"line":1,"column":16},"end":{"line":1,"column":34}},"1":{"start":{"line":2,"column":19},"end":{"line":2,"column":41}},"2":{"start":{"line":3,"column":15},"end":{"line":3,"column":34}},"3":{"start":{"line":4,"column":17},"end":{"line":4,"column":36}},"4":{"start":{"line":5,"column":16},"end":{"line":5,"column":42}},"5":{"start":{"line":6,"column":13},"end":{"line":6,"column":28}},"6":{"start":{"line":7,"column":16},"end":{"line":7,"column":44}},"7":{"start":{"line":8,"column":23},"end":{"line":8,"column":59}},"8":{"start":{"line":10,"column":13},"end":{"line":10,"column":37}},"9":{"start":{"line":11,"column":12},"end":{"line":11,"column":21}},"10":{"start":{"line":13,"column":0},"end":{"line":33,"column":19}},"11":{"start":{"line":23,"column":4},"end":{"line":23,"column":54}},"12":{"start":{"line":24,"column":4},"end":{"line":27,"column":6}},"13":{"start":{"line":28,"column":4},"end":{"line":28,"column":85}},"14":{"start":{"line":29,"column":4},"end":{"line":29,"column":11}},"15":{"start":{"line":35,"column":0},"end":{"line":44,"column":3}},"16":{"start":{"line":42,"column":4},"end":{"line":42,"column":30}},"17":{"start":{"line":46,"column":0},"end":{"line":48,"column":3}},"18":{"start":{"line":47,"column":2},"end":{"line":47,"column":18}},"19":{"start":{"line":49,"column":0},"end":{"line":51,"column":3}},"20":{"start":{"line":50,"column":2},"end":{"line":50,"column":18}},"21":{"start":{"line":53,"column":0},"end":{"line":55,"column":3}},"22":{"start":{"line":54,"column":2},"end":{"line":54,"column":107}},"23":{"start":{"line":56,"column":0},"end":{"line":61,"column":4}},"24":{"start":{"line":59,"column":4},"end":{"line":59,"column":32}},"25":{"start":{"line":60,"column":4},"end":{"line":60,"column":22}},"26":{"start":{"line":62,"column":0},"end":{"line":64,"column":2}},"27":{"start":{"line":63,"column":4},"end":{"line":63,"column":96}},"28":{"start":{"line":68,"column":0},"end":{"line":76,"column":3}},"29":{"start":{"line":69,"column":2},"end":{"line":75,"column":3}},"30":{"start":{"line":70,"column":4},"end":{"line":70,"column":31}},"31":{"start":{"line":73,"column":4},"end":{"line":73,"column":21}},"32":{"start":{"line":74,"column":4},"end":{"line":74,"column":60}},"33":{"start":{"line":78,"column":0},"end":{"line":78,"column":20}}},"fnMap":{"0":{"name":"(anonymous_0)","decl":{"start":{"line":22,"column":7},"end":{"line":22,"column":8}},"loc":{"start":{"line":22,"column":27},"end":{"line":30,"column":3}},"line":22},"1":{"name":"(anonymous_1)","decl":{"start":{"line":40,"column":0},"end":{"line":40,"column":1}},"loc":{"start":{"line":40,"column":52},"end":{"line":44,"column":1}},"line":40},"2":{"name":"(anonymous_2)","decl":{"start":{"line":46,"column":23},"end":{"line":46,"column":24}},"loc":{"start":{"line":46,"column":39},"end":{"line":48,"column":1}},"line":46},"3":{"name":"(anonymous_3)","decl":{"start":{"line":49,"column":25},"end":{"line":49,"column":26}},"loc":{"start":{"line":49,"column":41},"end":{"line":51,"column":1}},"line":49},"4":{"name":"(anonymous_4)","decl":{"start":{"line":53,"column":13},"end":{"line":53,"column":14}},"loc":{"start":{"line":53,"column":27},"end":{"line":55,"column":1}},"line":53},"5":{"name":"(anonymous_5)","decl":{"start":{"line":58,"column":2},"end":{"line":58,"column":3}},"loc":{"start":{"line":58,"column":16},"end":{"line":61,"column":3}},"line":58},"6":{"name":"(anonymous_6)","decl":{"start":{"line":62,"column":32},"end":{"line":62,"column":33}},"loc":{"start":{"line":62,"column":49},"end":{"line":64,"column":1}},"line":62},"7":{"name":"(anonymous_7)","decl":{"start":{"line":68,"column":15},"end":{"line":68,"column":16}},"loc":{"start":{"line":68,"column":24},"end":{"line":76,"column":1}},"line":68}},"branchMap":{"0":{"loc":{"start":{"line":10,"column":13},"end":{"line":10,"column":37}},"type":"binary-expr","locations":[{"start":{"line":10,"column":13},"end":{"line":10,"column":29}},{"start":{"line":10,"column":33},"end":{"line":10,"column":37}}],"line":10},"1":{"loc":{"start":{"line":54,"column":11},"end":{"line":54,"column":106}},"type":"cond-expr","locations":[{"start":{"line":54,"column":44},"end":{"line":54,"column":90}},{"start":{"line":54,"column":92},"end":{"line":54,"column":106}}],"line":54},"2":{"loc":{"start":{"line":69,"column":2},"end":{"line":75,"column":3}},"type":"if","locations":[{"start":{"line":69,"column":2},"end":{"line":75,"column":3}},{"start":{"line":71,"column":9},"end":{"line":75,"column":3}}],"line":69}},"s":{"0":1,"1":1,"2":1,"3":1,"4":1,"5":1,"6":1,"7":1,"8":1,"9":1,"10":1,"11":8,"12":8,"13":8,"14":8,"15":1,"16":0,"17":1,"18":0,"19":1,"20":0,"21":1,"22":0,"23":1,"24":0,"25":0,"26":1,"27":0,"28":1,"29":1,"30":0,"31":1,"32":1,"33":1},"f":{"0":8,"1":0,"2":0,"3":0,"4":0,"5":0,"6":0,"7":1},"b":{"0":[1,1],"1":[0,0],"2":[0,1]},"_coverageSchema":"1a1c01bbd47fc00a2c39e90264f33305004495a9","hash":"34d0e937de553ecdf9492ac572ef993bb93c596c"}
,"C:\\Users\\josem\\OneDrive\\Desktop\\BYU Pathways\\BYU I 7th semester\\CSE 341 Web Services\\Chamber Of Commerce Event Manager (COCEM)\\Controllers\\addressesController.js": {"path":"C:\\Users\\josem\\OneDrive\\Desktop\\BYU Pathways\\BYU I 7th semester\\CSE 341 Web Services\\Chamber Of Commerce Event Manager (COCEM)\\Controllers\\addressesController.js","statementMap":{"0":{"start":{"line":1,"column":11},"end":{"line":1,"column":40}},"1":{"start":{"line":2,"column":17},"end":{"line":2,"column":44}},"2":{"start":{"line":4,"column":19},"end":{"line":4,"column":30}},"3":{"start":{"line":6,"column":16},"end":{"line":12,"column":1}},"4":{"start":{"line":7,"column":17},"end":{"line":7,"column":68}},"5":{"start":{"line":8,"column":2},"end":{"line":11,"column":5}},"6":{"start":{"line":9,"column":4},"end":{"line":9,"column":54}},"7":{"start":{"line":10,"column":4},"end":{"line":10,"column":32}},"8":{"start":{"line":13,"column":21},"end":{"line":27,"column":1}},"9":{"start":{"line":14,"column":2},"end":{"line":26,"column":3}},"10":{"start":{"line":15,"column":16},"end":{"line":15,"column":43}},"11":{"start":{"line":16,"column":19},"end":{"line":16,"column":84}},"12":{"start":{"line":17,"column":4},"end":{"line":17,"column":54}},"13":{"start":{"line":18,"column":4},"end":{"line":22,"column":5}},"14":{"start":{"line":19,"column":6},"end":{"line":19,"column":35}},"15":{"start":{"line":21,"column":6},"end":{"line":21,"column":65}},"16":{"start":{"line":25,"column":4},"end":{"line":25,"column":16}},"17":{"start":{"line":29,"column":19},"end":{"line":47,"column":1}},"18":{"start":{"line":30,"column":2},"end":{"line":46,"column":3}},"19":{"start":{"line":31,"column":17},"end":{"line":36,"column":5}},"20":{"start":{"line":37,"column":19},"end":{"line":37,"column":79}},"21":{"start":{"line":38,"column":4},"end":{"line":42,"column":5}},"22":{"start":{"line":39,"column":6},"end":{"line":39,"column":77}},"23":{"start":{"line":41,"column":6},"end":{"line":41,"column":67}},"24":{"start":{"line":45,"column":4},"end":{"line":45,"column":16}},"25":{"start":{"line":49,"column":19},"end":{"line":71,"column":1}},"26":{"start":{"line":50,"column":2},"end":{"line":70,"column":3}},"27":{"start":{"line":51,"column":15},"end":{"line":51,"column":42}},"28":{"start":{"line":52,"column":17},"end":{"line":57,"column":5}},"29":{"start":{"line":58,"column":19},"end":{"line":61,"column":5}},"30":{"start":{"line":62,"column":4},"end":{"line":66,"column":5}},"31":{"start":{"line":63,"column":6},"end":{"line":63,"column":76}},"32":{"start":{"line":65,"column":6},"end":{"line":65,"column":65}},"33":{"start":{"line":69,"column":4},"end":{"line":69,"column":16}},"34":{"start":{"line":74,"column":19},"end":{"line":87,"column":1}},"35":{"start":{"line":75,"column":2},"end":{"line":86,"column":3}},"36":{"start":{"line":76,"column":15},"end":{"line":76,"column":42}},"37":{"start":{"line":77,"column":19},"end":{"line":77,"column":86}},"38":{"start":{"line":78,"column":2},"end":{"line":82,"column":5}},"39":{"start":{"line":79,"column":6},"end":{"line":79,"column":76}},"40":{"start":{"line":81,"column":6},"end":{"line":81,"column":65}},"41":{"start":{"line":85,"column":4},"end":{"line":85,"column":16}},"42":{"start":{"line":88,"column":0},"end":{"line":88,"column":79}}},"fnMap":{"0":{"name":"(anonymous_0)","decl":{"start":{"line":6,"column":16},"end":{"line":6,"column":17}},"loc":{"start":{"line":6,"column":42},"end":{"line":12,"column":1}},"line":6},"1":{"name":"(anonymous_1)","decl":{"start":{"line":8,"column":24},"end":{"line":8,"column":25}},"loc":{"start":{"line":8,"column":35},"end":{"line":11,"column":3}},"line":8},"2":{"name":"(anonymous_2)","decl":{"start":{"line":13,"column":21},"end":{"line":13,"column":22}},"loc":{"start":{"line":13,"column":47},"end":{"line":27,"column":1}},"line":13},"3":{"name":"(anonymous_3)","decl":{"start":{"line":29,"column":19},"end":{"line":29,"column":20}},"loc":{"start":{"line":29,"column":45},"end":{"line":47,"column":1}},"line":29},"4":{"name":"(anonymous_4)","decl":{"start":{"line":49,"column":19},"end":{"line":49,"column":20}},"loc":{"start":{"line":49,"column":45},"end":{"line":71,"column":1}},"line":49},"5":{"name":"(anonymous_5)","decl":{"start":{"line":74,"column":19},"end":{"line":74,"column":20}},"loc":{"start":{"line":74,"column":45},"end":{"line":87,"column":1}},"line":74}},"branchMap":{"0":{"loc":{"start":{"line":18,"column":4},"end":{"line":22,"column":5}},"type":"if","locations":[{"start":{"line":18,"column":4},"end":{"line":22,"column":5}},{"start":{"line":20,"column":11},"end":{"line":22,"column":5}}],"line":18},"1":{"loc":{"start":{"line":38,"column":4},"end":{"line":42,"column":5}},"type":"if","locations":[{"start":{"line":38,"column":4},"end":{"line":42,"column":5}},{"start":{"line":40,"column":11},"end":{"line":42,"column":5}}],"line":38},"2":{"loc":{"start":{"line":62,"column":4},"end":{"line":66,"column":5}},"type":"if","locations":[{"start":{"line":62,"column":4},"end":{"line":66,"column":5}},{"start":{"line":64,"column":11},"end":{"line":66,"column":5}}],"line":62},"3":{"loc":{"start":{"line":78,"column":2},"end":{"line":82,"column":5}},"type":"if","locations":[{"start":{"line":78,"column":2},"end":{"line":82,"column":5}},{"start":{"line":80,"column":11},"end":{"line":82,"column":5}}],"line":78}},"s":{"0":1,"1":1,"2":1,"3":1,"4":1,"5":1,"6":1,"7":1,"8":1,"9":1,"10":1,"11":1,"12":1,"13":1,"14":1,"15":0,"16":0,"17":1,"18":0,"19":0,"20":0,"21":0,"22":0,"23":0,"24":0,"25":1,"26":0,"27":0,"28":0,"29":0,"30":0,"31":0,"32":0,"33":0,"34":1,"35":0,"36":0,"37":0,"38":0,"39":0,"40":0,"41":0,"42":1},"f":{"0":1,"1":1,"2":1,"3":0,"4":0,"5":0},"b":{"0":[1,0],"1":[0,0],"2":[0,0],"3":[0,0]},"_coverageSchema":"1a1c01bbd47fc00a2c39e90264f33305004495a9","hash":"5d3931d2bb956949b3bd3bc78698a504152543e5"}
,"C:\\Users\\josem\\OneDrive\\Desktop\\BYU Pathways\\BYU I 7th semester\\CSE 341 Web Services\\Chamber Of Commerce Event Manager (COCEM)\\Controllers\\companiesController.js": {"path":"C:\\Users\\josem\\OneDrive\\Desktop\\BYU Pathways\\BYU I 7th semester\\CSE 341 Web Services\\Chamber Of Commerce Event Manager (COCEM)\\Controllers\\companiesController.js","statementMap":{"0":{"start":{"line":1,"column":11},"end":{"line":1,"column":40}},"1":{"start":{"line":2,"column":17},"end":{"line":2,"column":44}},"2":{"start":{"line":4,"column":19},"end":{"line":4,"column":30}},"3":{"start":{"line":6,"column":16},"end":{"line":12,"column":1}},"4":{"start":{"line":7,"column":17},"end":{"line":7,"column":68}},"5":{"start":{"line":8,"column":2},"end":{"line":11,"column":5}},"6":{"start":{"line":9,"column":4},"end":{"line":9,"column":54}},"7":{"start":{"line":10,"column":4},"end":{"line":10,"column":32}},"8":{"start":{"line":13,"column":21},"end":{"line":27,"column":1}},"9":{"start":{"line":14,"column":2},"end":{"line":26,"column":3}},"10":{"start":{"line":15,"column":16},"end":{"line":15,"column":43}},"11":{"start":{"line":16,"column":19},"end":{"line":16,"column":84}},"12":{"start":{"line":17,"column":4},"end":{"line":17,"column":54}},"13":{"start":{"line":18,"column":4},"end":{"line":22,"column":5}},"14":{"start":{"line":19,"column":6},"end":{"line":19,"column":35}},"15":{"start":{"line":21,"column":6},"end":{"line":21,"column":65}},"16":{"start":{"line":25,"column":4},"end":{"line":25,"column":16}},"17":{"start":{"line":29,"column":19},"end":{"line":49,"column":1}},"18":{"start":{"line":30,"column":2},"end":{"line":48,"column":3}},"19":{"start":{"line":31,"column":17},"end":{"line":38,"column":5}},"20":{"start":{"line":39,"column":19},"end":{"line":39,"column":79}},"21":{"start":{"line":40,"column":4},"end":{"line":44,"column":5}},"22":{"start":{"line":41,"column":6},"end":{"line":41,"column":77}},"23":{"start":{"line":43,"column":6},"end":{"line":43,"column":67}},"24":{"start":{"line":47,"column":4},"end":{"line":47,"column":16}},"25":{"start":{"line":51,"column":19},"end":{"line":75,"column":1}},"26":{"start":{"line":52,"column":2},"end":{"line":74,"column":3}},"27":{"start":{"line":53,"column":15},"end":{"line":53,"column":42}},"28":{"start":{"line":54,"column":17},"end":{"line":61,"column":7}},"29":{"start":{"line":62,"column":19},"end":{"line":65,"column":5}},"30":{"start":{"line":66,"column":4},"end":{"line":70,"column":5}},"31":{"start":{"line":67,"column":6},"end":{"line":67,"column":76}},"32":{"start":{"line":69,"column":6},"end":{"line":69,"column":65}},"33":{"start":{"line":73,"column":4},"end":{"line":73,"column":16}},"34":{"start":{"line":78,"column":19},"end":{"line":91,"column":1}},"35":{"start":{"line":79,"column":2},"end":{"line":90,"column":3}},"36":{"start":{"line":80,"column":15},"end":{"line":80,"column":42}},"37":{"start":{"line":81,"column":19},"end":{"line":81,"column":86}},"38":{"start":{"line":82,"column":2},"end":{"line":86,"column":5}},"39":{"start":{"line":83,"column":6},"end":{"line":83,"column":76}},"40":{"start":{"line":85,"column":6},"end":{"line":85,"column":65}},"41":{"start":{"line":89,"column":4},"end":{"line":89,"column":16}},"42":{"start":{"line":92,"column":0},"end":{"line":92,"column":79}}},"fnMap":{"0":{"name":"(anonymous_0)","decl":{"start":{"line":6,"column":16},"end":{"line":6,"column":17}},"loc":{"start":{"line":6,"column":42},"end":{"line":12,"column":1}},"line":6},"1":{"name":"(anonymous_1)","decl":{"start":{"line":8,"column":24},"end":{"line":8,"column":25}},"loc":{"start":{"line":8,"column":35},"end":{"line":11,"column":3}},"line":8},"2":{"name":"(anonymous_2)","decl":{"start":{"line":13,"column":21},"end":{"line":13,"column":22}},"loc":{"start":{"line":13,"column":47},"end":{"line":27,"column":1}},"line":13},"3":{"name":"(anonymous_3)","decl":{"start":{"line":29,"column":19},"end":{"line":29,"column":20}},"loc":{"start":{"line":29,"column":45},"end":{"line":49,"column":1}},"line":29},"4":{"name":"(anonymous_4)","decl":{"start":{"line":51,"column":19},"end":{"line":51,"column":20}},"loc":{"start":{"line":51,"column":45},"end":{"line":75,"column":1}},"line":51},"5":{"name":"(anonymous_5)","decl":{"start":{"line":78,"column":19},"end":{"line":78,"column":20}},"loc":{"start":{"line":78,"column":45},"end":{"line":91,"column":1}},"line":78}},"branchMap":{"0":{"loc":{"start":{"line":18,"column":4},"end":{"line":22,"column":5}},"type":"if","locations":[{"start":{"line":18,"column":4},"end":{"line":22,"column":5}},{"start":{"line":20,"column":11},"end":{"line":22,"column":5}}],"line":18},"1":{"loc":{"start":{"line":40,"column":4},"end":{"line":44,"column":5}},"type":"if","locations":[{"start":{"line":40,"column":4},"end":{"line":44,"column":5}},{"start":{"line":42,"column":11},"end":{"line":44,"column":5}}],"line":40},"2":{"loc":{"start":{"line":66,"column":4},"end":{"line":70,"column":5}},"type":"if","locations":[{"start":{"line":66,"column":4},"end":{"line":70,"column":5}},{"start":{"line":68,"column":11},"end":{"line":70,"column":5}}],"line":66},"3":{"loc":{"start":{"line":82,"column":2},"end":{"line":86,"column":5}},"type":"if","locations":[{"start":{"line":82,"column":2},"end":{"line":86,"column":5}},{"start":{"line":84,"column":11},"end":{"line":86,"column":5}}],"line":82}},"s":{"0":1,"1":1,"2":1,"3":1,"4":1,"5":1,"6":1,"7":1,"8":1,"9":1,"10":1,"11":1,"12":1,"13":1,"14":1,"15":0,"16":0,"17":1,"18":0,"19":0,"20":0,"21":0,"22":0,"23":0,"24":0,"25":1,"26":0,"27":0,"28":0,"29":0,"30":0,"31":0,"32":0,"33":0,"34":1,"35":0,"36":0,"37":0,"38":0,"39":0,"40":0,"41":0,"42":1},"f":{"0":1,"1":1,"2":1,"3":0,"4":0,"5":0},"b":{"0":[1,0],"1":[0,0],"2":[0,0],"3":[0,0]},"_coverageSchema":"1a1c01bbd47fc00a2c39e90264f33305004495a9","hash":"0fd31029f6f05f527e7aa81917286d032f6aa750"}
,"C:\\Users\\josem\\OneDrive\\Desktop\\BYU Pathways\\BYU I 7th semester\\CSE 341 Web Services\\Chamber Of Commerce Event Manager (COCEM)\\Controllers\\eventsController.js": {"path":"C:\\Users\\josem\\OneDrive\\Desktop\\BYU Pathways\\BYU I 7th semester\\CSE 341 Web Services\\Chamber Of Commerce Event Manager (COCEM)\\Controllers\\eventsController.js","statementMap":{"0":{"start":{"line":1,"column":11},"end":{"line":1,"column":40}},"1":{"start":{"line":2,"column":17},"end":{"line":2,"column":44}},"2":{"start":{"line":4,"column":19},"end":{"line":4,"column":27}},"3":{"start":{"line":6,"column":16},"end":{"line":12,"column":1}},"4":{"start":{"line":7,"column":17},"end":{"line":7,"column":68}},"5":{"start":{"line":8,"column":2},"end":{"line":11,"column":5}},"6":{"start":{"line":9,"column":4},"end":{"line":9,"column":54}},"7":{"start":{"line":10,"column":4},"end":{"line":10,"column":32}},"8":{"start":{"line":13,"column":21},"end":{"line":27,"column":1}},"9":{"start":{"line":14,"column":2},"end":{"line":26,"column":3}},"10":{"start":{"line":15,"column":16},"end":{"line":15,"column":43}},"11":{"start":{"line":16,"column":19},"end":{"line":16,"column":84}},"12":{"start":{"line":17,"column":4},"end":{"line":17,"column":54}},"13":{"start":{"line":18,"column":4},"end":{"line":22,"column":5}},"14":{"start":{"line":19,"column":6},"end":{"line":19,"column":35}},"15":{"start":{"line":21,"column":6},"end":{"line":21,"column":65}},"16":{"start":{"line":25,"column":4},"end":{"line":25,"column":16}},"17":{"start":{"line":29,"column":19},"end":{"line":47,"column":1}},"18":{"start":{"line":30,"column":2},"end":{"line":46,"column":3}},"19":{"start":{"line":31,"column":17},"end":{"line":36,"column":5}},"20":{"start":{"line":37,"column":19},"end":{"line":37,"column":79}},"21":{"start":{"line":38,"column":4},"end":{"line":42,"column":5}},"22":{"start":{"line":39,"column":6},"end":{"line":39,"column":77}},"23":{"start":{"line":41,"column":6},"end":{"line":41,"column":67}},"24":{"start":{"line":45,"column":4},"end":{"line":45,"column":16}},"25":{"start":{"line":49,"column":19},"end":{"line":71,"column":1}},"26":{"start":{"line":50,"column":2},"end":{"line":70,"column":3}},"27":{"start":{"line":51,"column":15},"end":{"line":51,"column":42}},"28":{"start":{"line":52,"column":17},"end":{"line":57,"column":5}},"29":{"start":{"line":58,"column":19},"end":{"line":61,"column":5}},"30":{"start":{"line":62,"column":4},"end":{"line":66,"column":5}},"31":{"start":{"line":63,"column":6},"end":{"line":63,"column":76}},"32":{"start":{"line":65,"column":6},"end":{"line":65,"column":65}},"33":{"start":{"line":69,"column":4},"end":{"line":69,"column":16}},"34":{"start":{"line":74,"column":19},"end":{"line":87,"column":1}},"35":{"start":{"line":75,"column":2},"end":{"line":86,"column":3}},"36":{"start":{"line":76,"column":15},"end":{"line":76,"column":42}},"37":{"start":{"line":77,"column":19},"end":{"line":77,"column":86}},"38":{"start":{"line":78,"column":2},"end":{"line":82,"column":5}},"39":{"start":{"line":79,"column":6},"end":{"line":79,"column":76}},"40":{"start":{"line":81,"column":6},"end":{"line":81,"column":65}},"41":{"start":{"line":85,"column":4},"end":{"line":85,"column":16}},"42":{"start":{"line":88,"column":0},"end":{"line":88,"column":79}}},"fnMap":{"0":{"name":"(anonymous_0)","decl":{"start":{"line":6,"column":16},"end":{"line":6,"column":17}},"loc":{"start":{"line":6,"column":42},"end":{"line":12,"column":1}},"line":6},"1":{"name":"(anonymous_1)","decl":{"start":{"line":8,"column":24},"end":{"line":8,"column":25}},"loc":{"start":{"line":8,"column":35},"end":{"line":11,"column":3}},"line":8},"2":{"name":"(anonymous_2)","decl":{"start":{"line":13,"column":21},"end":{"line":13,"column":22}},"loc":{"start":{"line":13,"column":47},"end":{"line":27,"column":1}},"line":13},"3":{"name":"(anonymous_3)","decl":{"start":{"line":29,"column":19},"end":{"line":29,"column":20}},"loc":{"start":{"line":29,"column":45},"end":{"line":47,"column":1}},"line":29},"4":{"name":"(anonymous_4)","decl":{"start":{"line":49,"column":19},"end":{"line":49,"column":20}},"loc":{"start":{"line":49,"column":45},"end":{"line":71,"column":1}},"line":49},"5":{"name":"(anonymous_5)","decl":{"start":{"line":74,"column":19},"end":{"line":74,"column":20}},"loc":{"start":{"line":74,"column":45},"end":{"line":87,"column":1}},"line":74}},"branchMap":{"0":{"loc":{"start":{"line":18,"column":4},"end":{"line":22,"column":5}},"type":"if","locations":[{"start":{"line":18,"column":4},"end":{"line":22,"column":5}},{"start":{"line":20,"column":11},"end":{"line":22,"column":5}}],"line":18},"1":{"loc":{"start":{"line":38,"column":4},"end":{"line":42,"column":5}},"type":"if","locations":[{"start":{"line":38,"column":4},"end":{"line":42,"column":5}},{"start":{"line":40,"column":11},"end":{"line":42,"column":5}}],"line":38},"2":{"loc":{"start":{"line":62,"column":4},"end":{"line":66,"column":5}},"type":"if","locations":[{"start":{"line":62,"column":4},"end":{"line":66,"column":5}},{"start":{"line":64,"column":11},"end":{"line":66,"column":5}}],"line":62},"3":{"loc":{"start":{"line":78,"column":2},"end":{"line":82,"column":5}},"type":"if","locations":[{"start":{"line":78,"column":2},"end":{"line":82,"column":5}},{"start":{"line":80,"column":11},"end":{"line":82,"column":5}}],"line":78}},"s":{"0":1,"1":1,"2":1,"3":1,"4":1,"5":1,"6":1,"7":1,"8":1,"9":1,"10":1,"11":1,"12":1,"13":1,"14":1,"15":0,"16":0,"17":1,"18":0,"19":0,"20":0,"21":0,"22":0,"23":0,"24":0,"25":1,"26":0,"27":0,"28":0,"29":0,"30":0,"31":0,"32":0,"33":0,"34":1,"35":0,"36":0,"37":0,"38":0,"39":0,"40":0,"41":0,"42":1},"f":{"0":1,"1":1,"2":1,"3":0,"4":0,"5":0},"b":{"0":[1,0],"1":[0,0],"2":[0,0],"3":[0,0]},"_coverageSchema":"1a1c01bbd47fc00a2c39e90264f33305004495a9","hash":"e6c81a6020de96ab93e51577879db69c1c44025a"}
,"C:\\Users\\josem\\OneDrive\\Desktop\\BYU Pathways\\BYU I 7th semester\\CSE 341 Web Services\\Chamber Of Commerce Event Manager (COCEM)\\Controllers\\registrationsController.js": {"path":"C:\\Users\\josem\\OneDrive\\Desktop\\BYU Pathways\\BYU I 7th semester\\CSE 341 Web Services\\Chamber Of Commerce Event Manager (COCEM)\\Controllers\\registrationsController.js","statementMap":{"0":{"start":{"line":1,"column":11},"end":{"line":1,"column":40}},"1":{"start":{"line":2,"column":17},"end":{"line":2,"column":44}},"2":{"start":{"line":4,"column":19},"end":{"line":4,"column":34}},"3":{"start":{"line":6,"column":16},"end":{"line":12,"column":1}},"4":{"start":{"line":7,"column":17},"end":{"line":7,"column":68}},"5":{"start":{"line":8,"column":2},"end":{"line":11,"column":5}},"6":{"start":{"line":9,"column":4},"end":{"line":9,"column":54}},"7":{"start":{"line":10,"column":4},"end":{"line":10,"column":32}},"8":{"start":{"line":13,"column":21},"end":{"line":27,"column":1}},"9":{"start":{"line":14,"column":2},"end":{"line":26,"column":3}},"10":{"start":{"line":15,"column":16},"end":{"line":15,"column":43}},"11":{"start":{"line":16,"column":19},"end":{"line":16,"column":84}},"12":{"start":{"line":17,"column":4},"end":{"line":17,"column":54}},"13":{"start":{"line":18,"column":4},"end":{"line":22,"column":5}},"14":{"start":{"line":19,"column":6},"end":{"line":19,"column":35}},"15":{"start":{"line":21,"column":6},"end":{"line":21,"column":65}},"16":{"start":{"line":25,"column":4},"end":{"line":25,"column":16}},"17":{"start":{"line":29,"column":19},"end":{"line":51,"column":1}},"18":{"start":{"line":30,"column":2},"end":{"line":50,"column":3}},"19":{"start":{"line":31,"column":17},"end":{"line":40,"column":5}},"20":{"start":{"line":41,"column":19},"end":{"line":41,"column":79}},"21":{"start":{"line":42,"column":4},"end":{"line":46,"column":5}},"22":{"start":{"line":43,"column":6},"end":{"line":43,"column":77}},"23":{"start":{"line":45,"column":6},"end":{"line":45,"column":67}},"24":{"start":{"line":49,"column":4},"end":{"line":49,"column":16}},"25":{"start":{"line":53,"column":19},"end":{"line":79,"column":1}},"26":{"start":{"line":54,"column":2},"end":{"line":78,"column":3}},"27":{"start":{"line":55,"column":15},"end":{"line":55,"column":42}},"28":{"start":{"line":56,"column":17},"end":{"line":65,"column":5}},"29":{"start":{"line":66,"column":19},"end":{"line":69,"column":5}},"30":{"start":{"line":70,"column":4},"end":{"line":74,"column":5}},"31":{"start":{"line":71,"column":6},"end":{"line":71,"column":76}},"32":{"start":{"line":73,"column":6},"end":{"line":73,"column":65}},"33":{"start":{"line":77,"column":4},"end":{"line":77,"column":16}},"34":{"start":{"line":82,"column":19},"end":{"line":95,"column":1}},"35":{"start":{"line":83,"column":2},"end":{"line":94,"column":3}},"36":{"start":{"line":84,"column":15},"end":{"line":84,"column":42}},"37":{"start":{"line":85,"column":19},"end":{"line":85,"column":86}},"38":{"start":{"line":86,"column":2},"end":{"line":90,"column":5}},"39":{"start":{"line":87,"column":6},"end":{"line":87,"column":76}},"40":{"start":{"line":89,"column":6},"end":{"line":89,"column":65}},"41":{"start":{"line":93,"column":4},"end":{"line":93,"column":16}},"42":{"start":{"line":96,"column":0},"end":{"line":96,"column":79}}},"fnMap":{"0":{"name":"(anonymous_0)","decl":{"start":{"line":6,"column":16},"end":{"line":6,"column":17}},"loc":{"start":{"line":6,"column":42},"end":{"line":12,"column":1}},"line":6},"1":{"name":"(anonymous_1)","decl":{"start":{"line":8,"column":24},"end":{"line":8,"column":25}},"loc":{"start":{"line":8,"column":35},"end":{"line":11,"column":3}},"line":8},"2":{"name":"(anonymous_2)","decl":{"start":{"line":13,"column":21},"end":{"line":13,"column":22}},"loc":{"start":{"line":13,"column":47},"end":{"line":27,"column":1}},"line":13},"3":{"name":"(anonymous_3)","decl":{"start":{"line":29,"column":19},"end":{"line":29,"column":20}},"loc":{"start":{"line":29,"column":45},"end":{"line":51,"column":1}},"line":29},"4":{"name":"(anonymous_4)","decl":{"start":{"line":53,"column":19},"end":{"line":53,"column":20}},"loc":{"start":{"line":53,"column":45},"end":{"line":79,"column":1}},"line":53},"5":{"name":"(anonymous_5)","decl":{"start":{"line":82,"column":19},"end":{"line":82,"column":20}},"loc":{"start":{"line":82,"column":45},"end":{"line":95,"column":1}},"line":82}},"branchMap":{"0":{"loc":{"start":{"line":18,"column":4},"end":{"line":22,"column":5}},"type":"if","locations":[{"start":{"line":18,"column":4},"end":{"line":22,"column":5}},{"start":{"line":20,"column":11},"end":{"line":22,"column":5}}],"line":18},"1":{"loc":{"start":{"line":42,"column":4},"end":{"line":46,"column":5}},"type":"if","locations":[{"start":{"line":42,"column":4},"end":{"line":46,"column":5}},{"start":{"line":44,"column":11},"end":{"line":46,"column":5}}],"line":42},"2":{"loc":{"start":{"line":70,"column":4},"end":{"line":74,"column":5}},"type":"if","locations":[{"start":{"line":70,"column":4},"end":{"line":74,"column":5}},{"start":{"line":72,"column":11},"end":{"line":74,"column":5}}],"line":70},"3":{"loc":{"start":{"line":86,"column":2},"end":{"line":90,"column":5}},"type":"if","locations":[{"start":{"line":86,"column":2},"end":{"line":90,"column":5}},{"start":{"line":88,"column":11},"end":{"line":90,"column":5}}],"line":86}},"s":{"0":1,"1":1,"2":1,"3":1,"4":1,"5":1,"6":1,"7":1,"8":1,"9":1,"10":1,"11":1,"12":1,"13":1,"14":1,"15":0,"16":0,"17":1,"18":0,"19":0,"20":0,"21":0,"22":0,"23":0,"24":0,"25":1,"26":0,"27":0,"28":0,"29":0,"30":0,"31":0,"32":0,"33":0,"34":1,"35":0,"36":0,"37":0,"38":0,"39":0,"40":0,"41":0,"42":1},"f":{"0":1,"1":1,"2":1,"3":0,"4":0,"5":0},"b":{"0":[1,0],"1":[0,0],"2":[0,0],"3":[0,0]},"_coverageSchema":"1a1c01bbd47fc00a2c39e90264f33305004495a9","hash":"7f0e11f85ce7030da2514de68e7c5b28d643840c"}
,"C:\\Users\\josem\\OneDrive\\Desktop\\BYU Pathways\\BYU I 7th semester\\CSE 341 Web Services\\Chamber Of Commerce Event Manager (COCEM)\\Models\\Database.js": {"path":"C:\\Users\\josem\\OneDrive\\Desktop\\BYU Pathways\\BYU I 7th semester\\CSE 341 Web Services\\Chamber Of Commerce Event Manager (COCEM)\\Models\\Database.js","statementMap":{"0":{"start":{"line":1,"column":15},"end":{"line":1,"column":32}},"1":{"start":{"line":2,"column":0},"end":{"line":2,"column":16}},"2":{"start":{"line":3,"column":24},"end":{"line":3,"column":42}},"3":{"start":{"line":7,"column":15},"end":{"line":19,"column":1}},"4":{"start":{"line":8,"column":4},"end":{"line":10,"column":5}},"5":{"start":{"line":9,"column":8},"end":{"line":9,"column":35}},"6":{"start":{"line":11,"column":4},"end":{"line":18,"column":11}},"7":{"start":{"line":13,"column":12},"end":{"line":13,"column":25}},"8":{"start":{"line":14,"column":12},"end":{"line":14,"column":32}},"9":{"start":{"line":17,"column":12},"end":{"line":17,"column":26}},"10":{"start":{"line":21,"column":14},"end":{"line":26,"column":1}},"11":{"start":{"line":22,"column":4},"end":{"line":24,"column":5}},"12":{"start":{"line":23,"column":8},"end":{"line":23,"column":42}},"13":{"start":{"line":25,"column":4},"end":{"line":25,"column":15}},"14":{"start":{"line":28,"column":0},"end":{"line":31,"column":2}}},"fnMap":{"0":{"name":"(anonymous_0)","decl":{"start":{"line":7,"column":15},"end":{"line":7,"column":16}},"loc":{"start":{"line":7,"column":29},"end":{"line":19,"column":1}},"line":7},"1":{"name":"(anonymous_1)","decl":{"start":{"line":12,"column":14},"end":{"line":12,"column":15}},"loc":{"start":{"line":12,"column":26},"end":{"line":15,"column":9}},"line":12},"2":{"name":"(anonymous_2)","decl":{"start":{"line":16,"column":15},"end":{"line":16,"column":16}},"loc":{"start":{"line":16,"column":24},"end":{"line":18,"column":9}},"line":16},"3":{"name":"(anonymous_3)","decl":{"start":{"line":21,"column":14},"end":{"line":21,"column":15}},"loc":{"start":{"line":21,"column":20},"end":{"line":26,"column":1}},"line":21}},"branchMap":{"0":{"loc":{"start":{"line":8,"column":4},"end":{"line":10,"column":5}},"type":"if","locations":[{"start":{"line":8,"column":4},"end":{"line":10,"column":5}},{"start":{},"end":{}}],"line":8},"1":{"loc":{"start":{"line":22,"column":4},"end":{"line":24,"column":5}},"type":"if","locations":[{"start":{"line":22,"column":4},"end":{"line":24,"column":5}},{"start":{},"end":{}}],"line":22}},"s":{"0":1,"1":1,"2":1,"3":1,"4":1,"5":0,"6":1,"7":1,"8":1,"9":0,"10":1,"11":8,"12":0,"13":8,"14":1},"f":{"0":1,"1":1,"2":0,"3":8},"b":{"0":[0,1],"1":[0,8]},"_coverageSchema":"1a1c01bbd47fc00a2c39e90264f33305004495a9","hash":"5f80bbdb31a0d1cd7306cc6bc2165b9b9890d04b"}
,"C:\\Users\\josem\\OneDrive\\Desktop\\BYU Pathways\\BYU I 7th semester\\CSE 341 Web Services\\Chamber Of Commerce Event Manager (COCEM)\\Routes\\addressesRouter.js": {"path":"C:\\Users\\josem\\OneDrive\\Desktop\\BYU Pathways\\BYU I 7th semester\\CSE 341 Web Services\\Chamber Of Commerce Event Manager (COCEM)\\Routes\\addressesRouter.js","statementMap":{"0":{"start":{"line":1,"column":16},"end":{"line":1,"column":34}},"1":{"start":{"line":3,"column":19},"end":{"line":3,"column":64}},"2":{"start":{"line":4,"column":18},"end":{"line":4,"column":60}},"3":{"start":{"line":5,"column":26},"end":{"line":5,"column":63}},"4":{"start":{"line":7,"column":15},"end":{"line":7,"column":31}},"5":{"start":{"line":10,"column":0},"end":{"line":10,"column":36}},"6":{"start":{"line":11,"column":0},"end":{"line":11,"column":43}},"7":{"start":{"line":12,"column":0},"end":{"line":12,"column":79}},"8":{"start":{"line":13,"column":0},"end":{"line":13,"column":81}},"9":{"start":{"line":14,"column":0},"end":{"line":14,"column":62}},"10":{"start":{"line":16,"column":0},"end":{"line":16,"column":24}}},"fnMap":{},"branchMap":{},"s":{"0":1,"1":1,"2":1,"3":1,"4":1,"5":1,"6":1,"7":1,"8":1,"9":1,"10":1},"f":{},"b":{},"_coverageSchema":"1a1c01bbd47fc00a2c39e90264f33305004495a9","hash":"a778d42bc3bda7415ef1a2eac2eff1a402e96324"}
,"C:\\Users\\josem\\OneDrive\\Desktop\\BYU Pathways\\BYU I 7th semester\\CSE 341 Web Services\\Chamber Of Commerce Event Manager (COCEM)\\Routes\\companiesRouter.js": {"path":"C:\\Users\\josem\\OneDrive\\Desktop\\BYU Pathways\\BYU I 7th semester\\CSE 341 Web Services\\Chamber Of Commerce Event Manager (COCEM)\\Routes\\companiesRouter.js","statementMap":{"0":{"start":{"line":1,"column":16},"end":{"line":1,"column":34}},"1":{"start":{"line":3,"column":19},"end":{"line":3,"column":64}},"2":{"start":{"line":4,"column":18},"end":{"line":4,"column":62}},"3":{"start":{"line":5,"column":26},"end":{"line":5,"column":63}},"4":{"start":{"line":8,"column":15},"end":{"line":8,"column":31}},"5":{"start":{"line":11,"column":0},"end":{"line":11,"column":36}},"6":{"start":{"line":12,"column":0},"end":{"line":12,"column":43}},"7":{"start":{"line":13,"column":0},"end":{"line":13,"column":79}},"8":{"start":{"line":14,"column":0},"end":{"line":14,"column":81}},"9":{"start":{"line":15,"column":0},"end":{"line":15,"column":62}},"10":{"start":{"line":17,"column":0},"end":{"line":17,"column":24}}},"fnMap":{},"branchMap":{},"s":{"0":1,"1":1,"2":1,"3":1,"4":1,"5":1,"6":1,"7":1,"8":1,"9":1,"10":1},"f":{},"b":{},"_coverageSchema":"1a1c01bbd47fc00a2c39e90264f33305004495a9","hash":"d1e79c7f9af33d10c5a71a40f93d673e8ae5c423"}
,"C:\\Users\\josem\\OneDrive\\Desktop\\BYU Pathways\\BYU I 7th semester\\CSE 341 Web Services\\Chamber Of Commerce Event Manager (COCEM)\\Routes\\eventsRouter.js": {"path":"C:\\Users\\josem\\OneDrive\\Desktop\\BYU Pathways\\BYU I 7th semester\\CSE 341 Web Services\\Chamber Of Commerce Event Manager (COCEM)\\Routes\\eventsRouter.js","statementMap":{"0":{"start":{"line":1,"column":16},"end":{"line":1,"column":34}},"1":{"start":{"line":3,"column":19},"end":{"line":3,"column":61}},"2":{"start":{"line":4,"column":18},"end":{"line":4,"column":59}},"3":{"start":{"line":5,"column":26},"end":{"line":5,"column":63}},"4":{"start":{"line":8,"column":15},"end":{"line":8,"column":31}},"5":{"start":{"line":11,"column":0},"end":{"line":11,"column":36}},"6":{"start":{"line":12,"column":0},"end":{"line":12,"column":43}},"7":{"start":{"line":13,"column":0},"end":{"line":13,"column":79}},"8":{"start":{"line":14,"column":0},"end":{"line":14,"column":81}},"9":{"start":{"line":15,"column":0},"end":{"line":15,"column":62}},"10":{"start":{"line":17,"column":0},"end":{"line":17,"column":24}}},"fnMap":{},"branchMap":{},"s":{"0":1,"1":1,"2":1,"3":1,"4":1,"5":1,"6":1,"7":1,"8":1,"9":1,"10":1},"f":{},"b":{},"_coverageSchema":"1a1c01bbd47fc00a2c39e90264f33305004495a9","hash":"cf29f9d51e262d215df6283fb612680188b96e8f"}
,"C:\\Users\\josem\\OneDrive\\Desktop\\BYU Pathways\\BYU I 7th semester\\CSE 341 Web Services\\Chamber Of Commerce Event Manager (COCEM)\\Routes\\index.js": {"path":"C:\\Users\\josem\\OneDrive\\Desktop\\BYU Pathways\\BYU I 7th semester\\CSE 341 Web Services\\Chamber Of Commerce Event Manager (COCEM)\\Routes\\index.js","statementMap":{"0":{"start":{"line":1,"column":16},"end":{"line":1,"column":34}},"1":{"start":{"line":2,"column":18},"end":{"line":2,"column":38}},"2":{"start":{"line":3,"column":17},"end":{"line":3,"column":36}},"3":{"start":{"line":4,"column":15},"end":{"line":4,"column":31}},"4":{"start":{"line":5,"column":21},"end":{"line":5,"column":46}},"5":{"start":{"line":6,"column":24},"end":{"line":6,"column":52}},"6":{"start":{"line":7,"column":24},"end":{"line":7,"column":52}},"7":{"start":{"line":8,"column":19},"end":{"line":8,"column":51}},"8":{"start":{"line":11,"column":0},"end":{"line":11,"column":37}},"9":{"start":{"line":16,"column":0},"end":{"line":16,"column":35}},"10":{"start":{"line":17,"column":0},"end":{"line":17,"column":41}},"11":{"start":{"line":18,"column":0},"end":{"line":18,"column":41}},"12":{"start":{"line":19,"column":0},"end":{"line":19,"column":31}},"13":{"start":{"line":21,"column":0},"end":{"line":21,"column":70}},"14":{"start":{"line":23,"column":0},"end":{"line":30,"column":3}},"15":{"start":{"line":24,"column":4},"end":{"line":29,"column":7}},"16":{"start":{"line":25,"column":8},"end":{"line":27,"column":9}},"17":{"start":{"line":26,"column":12},"end":{"line":26,"column":29}},"18":{"start":{"line":28,"column":8},"end":{"line":28,"column":47}},"19":{"start":{"line":33,"column":0},"end":{"line":33,"column":24}}},"fnMap":{"0":{"name":"(anonymous_0)","decl":{"start":{"line":21,"column":54},"end":{"line":21,"column":55}},"loc":{"start":{"line":21,"column":67},"end":{"line":21,"column":69}},"line":21},"1":{"name":"(anonymous_1)","decl":{"start":{"line":23,"column":22},"end":{"line":23,"column":23}},"loc":{"start":{"line":23,"column":49},"end":{"line":30,"column":1}},"line":23},"2":{"name":"(anonymous_2)","decl":{"start":{"line":24,"column":15},"end":{"line":24,"column":16}},"loc":{"start":{"line":24,"column":30},"end":{"line":29,"column":5}},"line":24}},"branchMap":{"0":{"loc":{"start":{"line":25,"column":8},"end":{"line":27,"column":9}},"type":"if","locations":[{"start":{"line":25,"column":8},"end":{"line":27,"column":9}},{"start":{},"end":{}}],"line":25}},"s":{"0":1,"1":1,"2":1,"3":1,"4":1,"5":1,"6":1,"7":1,"8":1,"9":1,"10":1,"11":1,"12":1,"13":1,"14":1,"15":0,"16":0,"17":0,"18":0,"19":1},"f":{"0":0,"1":0,"2":0},"b":{"0":[0,0]},"_coverageSchema":"1a1c01bbd47fc00a2c39e90264f33305004495a9","hash":"5d49e10323c1fbf7c73153e6f21a131cd11a1703"}
,"C:\\Users\\josem\\OneDrive\\Desktop\\BYU Pathways\\BYU I 7th semester\\CSE 341 Web Services\\Chamber Of Commerce Event Manager (COCEM)\\Routes\\registrationsRouter.js": {"path":"C:\\Users\\josem\\OneDrive\\Desktop\\BYU Pathways\\BYU I 7th semester\\CSE 341 Web Services\\Chamber Of Commerce Event Manager (COCEM)\\Routes\\registrationsRouter.js","statementMap":{"0":{"start":{"line":1,"column":16},"end":{"line":1,"column":34}},"1":{"start":{"line":3,"column":19},"end":{"line":3,"column":68}},"2":{"start":{"line":4,"column":18},"end":{"line":4,"column":66}},"3":{"start":{"line":5,"column":26},"end":{"line":5,"column":63}},"4":{"start":{"line":8,"column":15},"end":{"line":8,"column":31}},"5":{"start":{"line":11,"column":0},"end":{"line":11,"column":36}},"6":{"start":{"line":12,"column":0},"end":{"line":12,"column":43}},"7":{"start":{"line":13,"column":0},"end":{"line":13,"column":79}},"8":{"start":{"line":14,"column":0},"end":{"line":14,"column":81}},"9":{"start":{"line":15,"column":0},"end":{"line":15,"column":62}},"10":{"start":{"line":17,"column":0},"end":{"line":17,"column":24}}},"fnMap":{},"branchMap":{},"s":{"0":1,"1":1,"2":1,"3":1,"4":1,"5":1,"6":1,"7":1,"8":1,"9":1,"10":1},"f":{},"b":{},"_coverageSchema":"1a1c01bbd47fc00a2c39e90264f33305004495a9","hash":"190d2bdaa1e3bb65146e2c7bd00e7bb90c277ce2"}
,"C:\\Users\\josem\\OneDrive\\Desktop\\BYU Pathways\\BYU I 7th semester\\CSE 341 Web Services\\Chamber Of Commerce Event Manager (COCEM)\\Routes\\swagger.js": {"path":"C:\\Users\\josem\\OneDrive\\Desktop\\BYU Pathways\\BYU I 7th semester\\CSE 341 Web Services\\Chamber Of Commerce Event Manager (COCEM)\\Routes\\swagger.js","statementMap":{"0":{"start":{"line":1,"column":15},"end":{"line":1,"column":42}},"1":{"start":{"line":2,"column":18},"end":{"line":2,"column":47}},"2":{"start":{"line":3,"column":24},"end":{"line":3,"column":50}},"3":{"start":{"line":5,"column":0},"end":{"line":5,"column":40}},"4":{"start":{"line":6,"column":0},"end":{"line":6,"column":58}},"5":{"start":{"line":8,"column":0},"end":{"line":8,"column":24}}},"fnMap":{},"branchMap":{},"s":{"0":1,"1":1,"2":1,"3":1,"4":1,"5":1},"f":{},"b":{},"_coverageSchema":"1a1c01bbd47fc00a2c39e90264f33305004495a9","hash":"085dd959a7efd8953bd27dbcfb489412d172c9da"}
,"C:\\Users\\josem\\OneDrive\\Desktop\\BYU Pathways\\BYU I 7th semester\\CSE 341 Web Services\\Chamber Of Commerce Event Manager (COCEM)\\helpers\\validation.js": {"path":"C:\\Users\\josem\\OneDrive\\Desktop\\BYU Pathways\\BYU I 7th semester\\CSE 341 Web Services\\Chamber Of Commerce Event Manager (COCEM)\\helpers\\validation.js","statementMap":{"0":{"start":{"line":1,"column":18},"end":{"line":1,"column":40}},"1":{"start":{"line":2,"column":18},"end":{"line":6,"column":1}},"2":{"start":{"line":3,"column":21},"end":{"line":3,"column":63}},"3":{"start":{"line":4,"column":2},"end":{"line":4,"column":48}},"4":{"start":{"line":4,"column":26},"end":{"line":4,"column":46}},"5":{"start":{"line":5,"column":2},"end":{"line":5,"column":61}},"6":{"start":{"line":5,"column":25},"end":{"line":5,"column":59}},"7":{"start":{"line":8,"column":0},"end":{"line":8,"column":27}}},"fnMap":{"0":{"name":"(anonymous_0)","decl":{"start":{"line":2,"column":18},"end":{"line":2,"column":19}},"loc":{"start":{"line":2,"column":61},"end":{"line":6,"column":1}},"line":2},"1":{"name":"(anonymous_1)","decl":{"start":{"line":4,"column":20},"end":{"line":4,"column":21}},"loc":{"start":{"line":4,"column":26},"end":{"line":4,"column":46}},"line":4},"2":{"name":"(anonymous_2)","decl":{"start":{"line":5,"column":19},"end":{"line":5,"column":20}},"loc":{"start":{"line":5,"column":25},"end":{"line":5,"column":59}},"line":5}},"branchMap":{},"s":{"0":1,"1":1,"2":0,"3":0,"4":0,"5":0,"6":0,"7":1},"f":{"0":0,"1":0,"2":0},"b":{},"_coverageSchema":"1a1c01bbd47fc00a2c39e90264f33305004495a9","hash":"729d6308f6d2f7e655f1c516224fab4c9467328b"}
,"C:\\Users\\josem\\OneDrive\\Desktop\\BYU Pathways\\BYU I 7th semester\\CSE 341 Web Services\\Chamber Of Commerce Event Manager (COCEM)\\middleware\\address-validator.js": {"path":"C:\\Users\\josem\\OneDrive\\Desktop\\BYU Pathways\\BYU I 7th semester\\CSE 341 Web Services\\Chamber Of Commerce Event Manager (COCEM)\\middleware\\address-validator.js","statementMap":{"0":{"start":{"line":1,"column":18},"end":{"line":1,"column":50}},"1":{"start":{"line":3,"column":19},"end":{"line":21,"column":1}},"2":{"start":{"line":4,"column":25},"end":{"line":9,"column":3}},"3":{"start":{"line":10,"column":2},"end":{"line":20,"column":5}},"4":{"start":{"line":11,"column":4},"end":{"line":19,"column":5}},"5":{"start":{"line":12,"column":6},"end":{"line":16,"column":9}},"6":{"start":{"line":18,"column":6},"end":{"line":18,"column":13}},"7":{"start":{"line":23,"column":0},"end":{"line":25,"column":2}}},"fnMap":{"0":{"name":"(anonymous_0)","decl":{"start":{"line":3,"column":19},"end":{"line":3,"column":20}},"loc":{"start":{"line":3,"column":39},"end":{"line":21,"column":1}},"line":3},"1":{"name":"(anonymous_1)","decl":{"start":{"line":10,"column":42},"end":{"line":10,"column":43}},"loc":{"start":{"line":10,"column":59},"end":{"line":20,"column":3}},"line":10}},"branchMap":{"0":{"loc":{"start":{"line":11,"column":4},"end":{"line":19,"column":5}},"type":"if","locations":[{"start":{"line":11,"column":4},"end":{"line":19,"column":5}},{"start":{"line":17,"column":11},"end":{"line":19,"column":5}}],"line":11}},"s":{"0":1,"1":1,"2":0,"3":0,"4":0,"5":0,"6":0,"7":1},"f":{"0":0,"1":0},"b":{"0":[0,0]},"_coverageSchema":"1a1c01bbd47fc00a2c39e90264f33305004495a9","hash":"d685d1eba642101d409dbad48dde37082432b4e8"}
,"C:\\Users\\josem\\OneDrive\\Desktop\\BYU Pathways\\BYU I 7th semester\\CSE 341 Web Services\\Chamber Of Commerce Event Manager (COCEM)\\middleware\\authenticate.js": {"path":"C:\\Users\\josem\\OneDrive\\Desktop\\BYU Pathways\\BYU I 7th semester\\CSE 341 Web Services\\Chamber Of Commerce Event Manager (COCEM)\\middleware\\authenticate.js","statementMap":{"0":{"start":{"line":1,"column":24},"end":{"line":6,"column":1}},"1":{"start":{"line":2,"column":4},"end":{"line":4,"column":5}},"2":{"start":{"line":3,"column":8},"end":{"line":3,"column":59}},"3":{"start":{"line":5,"column":4},"end":{"line":5,"column":10}},"4":{"start":{"line":8,"column":19},"end":{"line":13,"column":1}},"5":{"start":{"line":9,"column":4},"end":{"line":11,"column":5}},"6":{"start":{"line":10,"column":8},"end":{"line":10,"column":32}},"7":{"start":{"line":12,"column":4},"end":{"line":12,"column":10}},"8":{"start":{"line":15,"column":0},"end":{"line":15,"column":46}}},"fnMap":{"0":{"name":"(anonymous_0)","decl":{"start":{"line":1,"column":24},"end":{"line":1,"column":25}},"loc":{"start":{"line":1,"column":44},"end":{"line":6,"column":1}},"line":1},"1":{"name":"(anonymous_1)","decl":{"start":{"line":8,"column":19},"end":{"line":8,"column":20}},"loc":{"start":{"line":8,"column":39},"end":{"line":13,"column":1}},"line":8}},"branchMap":{"0":{"loc":{"start":{"line":2,"column":4},"end":{"line":4,"column":5}},"type":"if","locations":[{"start":{"line":2,"column":4},"end":{"line":4,"column":5}},{"start":{},"end":{}}],"line":2},"1":{"loc":{"start":{"line":9,"column":4},"end":{"line":11,"column":5}},"type":"if","locations":[{"start":{"line":9,"column":4},"end":{"line":11,"column":5}},{"start":{},"end":{}}],"line":9}},"s":{"0":1,"1":0,"2":0,"3":0,"4":1,"5":0,"6":0,"7":0,"8":1},"f":{"0":0,"1":0},"b":{"0":[0,0],"1":[0,0]},"_coverageSchema":"1a1c01bbd47fc00a2c39e90264f33305004495a9","hash":"421f58338ece2cd3924c605510ef5802b391cf43"}
,"C:\\Users\\josem\\OneDrive\\Desktop\\BYU Pathways\\BYU I 7th semester\\CSE 341 Web Services\\Chamber Of Commerce Event Manager (COCEM)\\middleware\\companies-validator.js": {"path":"C:\\Users\\josem\\OneDrive\\Desktop\\BYU Pathways\\BYU I 7th semester\\CSE 341 Web Services\\Chamber Of Commerce Event Manager (COCEM)\\middleware\\companies-validator.js","statementMap":{"0":{"start":{"line":1,"column":18},"end":{"line":1,"column":50}},"1":{"start":{"line":3,"column":19},"end":{"line":23,"column":1}},"2":{"start":{"line":4,"column":25},"end":{"line":11,"column":3}},"3":{"start":{"line":12,"column":2},"end":{"line":22,"column":5}},"4":{"start":{"line":13,"column":4},"end":{"line":21,"column":5}},"5":{"start":{"line":14,"column":6},"end":{"line":18,"column":9}},"6":{"start":{"line":20,"column":6},"end":{"line":20,"column":13}},"7":{"start":{"line":25,"column":0},"end":{"line":27,"column":2}}},"fnMap":{"0":{"name":"(anonymous_0)","decl":{"start":{"line":3,"column":19},"end":{"line":3,"column":20}},"loc":{"start":{"line":3,"column":39},"end":{"line":23,"column":1}},"line":3},"1":{"name":"(anonymous_1)","decl":{"start":{"line":12,"column":42},"end":{"line":12,"column":43}},"loc":{"start":{"line":12,"column":59},"end":{"line":22,"column":3}},"line":12}},"branchMap":{"0":{"loc":{"start":{"line":13,"column":4},"end":{"line":21,"column":5}},"type":"if","locations":[{"start":{"line":13,"column":4},"end":{"line":21,"column":5}},{"start":{"line":19,"column":11},"end":{"line":21,"column":5}}],"line":13}},"s":{"0":1,"1":1,"2":0,"3":0,"4":0,"5":0,"6":0,"7":1},"f":{"0":0,"1":0},"b":{"0":[0,0]},"_coverageSchema":"1a1c01bbd47fc00a2c39e90264f33305004495a9","hash":"e4c1e3be60bf4ec6360245daf7ba06f0cdf9de40"}
,"C:\\Users\\josem\\OneDrive\\Desktop\\BYU Pathways\\BYU I 7th semester\\CSE 341 Web Services\\Chamber Of Commerce Event Manager (COCEM)\\middleware\\events-validator.js": {"path":"C:\\Users\\josem\\OneDrive\\Desktop\\BYU Pathways\\BYU I 7th semester\\CSE 341 Web Services\\Chamber Of Commerce Event Manager (COCEM)\\middleware\\events-validator.js","statementMap":{"0":{"start":{"line":1,"column":18},"end":{"line":1,"column":50}},"1":{"start":{"line":3,"column":19},"end":{"line":21,"column":1}},"2":{"start":{"line":4,"column":25},"end":{"line":9,"column":3}},"3":{"start":{"line":10,"column":2},"end":{"line":20,"column":5}},"4":{"start":{"line":11,"column":4},"end":{"line":19,"column":5}},"5":{"start":{"line":12,"column":6},"end":{"line":16,"column":9}},"6":{"start":{"line":18,"column":6},"end":{"line":18,"column":13}},"7":{"start":{"line":23,"column":0},"end":{"line":25,"column":2}}},"fnMap":{"0":{"name":"(anonymous_0)","decl":{"start":{"line":3,"column":19},"end":{"line":3,"column":20}},"loc":{"start":{"line":3,"column":39},"end":{"line":21,"column":1}},"line":3},"1":{"name":"(anonymous_1)","decl":{"start":{"line":10,"column":42},"end":{"line":10,"column":43}},"loc":{"start":{"line":10,"column":59},"end":{"line":20,"column":3}},"line":10}},"branchMap":{"0":{"loc":{"start":{"line":11,"column":4},"end":{"line":19,"column":5}},"type":"if","locations":[{"start":{"line":11,"column":4},"end":{"line":19,"column":5}},{"start":{"line":17,"column":11},"end":{"line":19,"column":5}}],"line":11}},"s":{"0":1,"1":1,"2":0,"3":0,"4":0,"5":0,"6":0,"7":1},"f":{"0":0,"1":0},"b":{"0":[0,0]},"_coverageSchema":"1a1c01bbd47fc00a2c39e90264f33305004495a9","hash":"a80dfd5bf54807735defde84326b7edf1fcc4de0"}
,"C:\\Users\\josem\\OneDrive\\Desktop\\BYU Pathways\\BYU I 7th semester\\CSE 341 Web Services\\Chamber Of Commerce Event Manager (COCEM)\\middleware\\registrations-validator.js": {"path":"C:\\Users\\josem\\OneDrive\\Desktop\\BYU Pathways\\BYU I 7th semester\\CSE 341 Web Services\\Chamber Of Commerce Event Manager (COCEM)\\middleware\\registrations-validator.js","statementMap":{"0":{"start":{"line":1,"column":18},"end":{"line":1,"column":50}},"1":{"start":{"line":3,"column":19},"end":{"line":25,"column":1}},"2":{"start":{"line":4,"column":25},"end":{"line":13,"column":3}},"3":{"start":{"line":14,"column":2},"end":{"line":24,"column":5}},"4":{"start":{"line":15,"column":4},"end":{"line":23,"column":5}},"5":{"start":{"line":16,"column":6},"end":{"line":20,"column":9}},"6":{"start":{"line":22,"column":6},"end":{"line":22,"column":13}},"7":{"start":{"line":27,"column":0},"end":{"line":29,"column":2}}},"fnMap":{"0":{"name":"(anonymous_0)","decl":{"start":{"line":3,"column":19},"end":{"line":3,"column":20}},"loc":{"start":{"line":3,"column":39},"end":{"line":25,"column":1}},"line":3},"1":{"name":"(anonymous_1)","decl":{"start":{"line":14,"column":42},"end":{"line":14,"column":43}},"loc":{"start":{"line":14,"column":59},"end":{"line":24,"column":3}},"line":14}},"branchMap":{"0":{"loc":{"start":{"line":15,"column":4},"end":{"line":23,"column":5}},"type":"if","locations":[{"start":{"line":15,"column":4},"end":{"line":23,"column":5}},{"start":{"line":21,"column":11},"end":{"line":23,"column":5}}],"line":15}},"s":{"0":1,"1":1,"2":0,"3":0,"4":0,"5":0,"6":0,"7":1},"f":{"0":0,"1":0},"b":{"0":[0,0]},"_coverageSchema":"1a1c01bbd47fc00a2c39e90264f33305004495a9","hash":"de6ba3206d46c3bd57922ad18c824c41f08dd353"}
}
